<?xml version="1.0" encoding="UTF-8"?><testrun name="Runner" project="com.Aarthi.TechAssessment3" tests="2" started="2" failures="0" errors="4" ignored="0">
  <testsuite name="com.Aarthi.TechAssessment3.Runner" time="19.598">
    <testsuite name="Login Funtionality of DemoWebShop" time="19.598">
      <testcase name="Verification of Login using valid credentials" classname="Login Funtionality of DemoWebShop" time="19.588">
        <error>java.lang.NullPointerException: null value in entry: url=null&#13;
	at com.google.common.collect.CollectPreconditions.checkEntryNotNull(CollectPreconditions.java:33)&#13;
	at com.google.common.collect.SingletonImmutableBiMap.&lt;init&gt;(SingletonImmutableBiMap.java:43)&#13;
	at com.google.common.collect.ImmutableBiMap.of(ImmutableBiMap.java:83)&#13;
	at com.google.common.collect.ImmutableMap.of(ImmutableMap.java:130)&#13;
	at org.openqa.selenium.remote.DriverCommand.GET(DriverCommand.java:191)&#13;
	at org.openqa.selenium.remote.RemoteWebDriver.get(RemoteWebDriver.java:304)&#13;
	at com.Aarthi.TechAssessment3.HelperClass.openPage(HelperClass.java:22)&#13;
	at com.Aarthi.TechAssessment3.LoginPageDefinition.user_is_on_demo_web_shop_home_page(LoginPageDefinition.java:17)&#13;
	at ✽.User is on DemoWebShop Home page(file:///C:/Users/akumaresan2/Assessment3/com.Aarthi.TechAssessment3/src/test/resources/Features/Login.feature:5)&#13;
&#13;
java.lang.Error: Unresolved compilation problem: 
	The method tearDown() is undefined for the type HelperClass
&#13;
	at com.Aarthi.TechAssessment3.HookClass.tearDown(HookClass.java:20)&#13;
&#13;
</error>
      </testcase>
      <testcase name="Verification of Login using invalid credentials" classname="Login Funtionality of DemoWebShop" time="0.009">
        <error>java.lang.NullPointerException: null value in entry: url=null&#13;
	at com.google.common.collect.CollectPreconditions.checkEntryNotNull(CollectPreconditions.java:33)&#13;
	at com.google.common.collect.SingletonImmutableBiMap.&lt;init&gt;(SingletonImmutableBiMap.java:43)&#13;
	at com.google.common.collect.ImmutableBiMap.of(ImmutableBiMap.java:83)&#13;
	at com.google.common.collect.ImmutableMap.of(ImmutableMap.java:130)&#13;
	at org.openqa.selenium.remote.DriverCommand.GET(DriverCommand.java:191)&#13;
	at org.openqa.selenium.remote.RemoteWebDriver.get(RemoteWebDriver.java:304)&#13;
	at com.Aarthi.TechAssessment3.HelperClass.openPage(HelperClass.java:22)&#13;
	at com.Aarthi.TechAssessment3.LoginPageDefinition.user_is_on_demo_web_shop_home_page(LoginPageDefinition.java:17)&#13;
	at ✽.User is on DemoWebShop Home page(file:///C:/Users/akumaresan2/Assessment3/com.Aarthi.TechAssessment3/src/test/resources/Features/Login.feature:14)&#13;
&#13;
java.lang.Error: Unresolved compilation problem: 
	The method tearDown() is undefined for the type HelperClass
&#13;
	at com.Aarthi.TechAssessment3.HookClass.tearDown(HookClass.java:20)&#13;
&#13;
</error>
      </testcase>
    </testsuite>
  </testsuite>
</testrun>
